Performing C SOURCE FILE Test CMAKE_HAVE_LIBC_PTHREAD failed with the following output:
Change Dir: /home/max/projects_code/LaTeX_linter/build/CMakeFiles/CMakeTmp

Run Build Command(s):/usr/bin/gmake cmTC_21ad6/fast && /usr/bin/gmake  -f CMakeFiles/cmTC_21ad6.dir/build.make CMakeFiles/cmTC_21ad6.dir/build
gmake[1]: Entering directory '/home/max/projects_code/LaTeX_linter/build/CMakeFiles/CMakeTmp'
Building C object CMakeFiles/cmTC_21ad6.dir/src.c.o
/usr/bin/clang-11   -DCMAKE_HAVE_LIBC_PTHREAD -o CMakeFiles/cmTC_21ad6.dir/src.c.o -c /home/max/projects_code/LaTeX_linter/build/CMakeFiles/CMakeTmp/src.c
Linking C executable cmTC_21ad6
/usr/bin/cmake -E cmake_link_script CMakeFiles/cmTC_21ad6.dir/link.txt --verbose=1
/usr/bin/clang-11  -DCMAKE_HAVE_LIBC_PTHREAD CMakeFiles/cmTC_21ad6.dir/src.c.o -o cmTC_21ad6 
/usr/bin/ld: CMakeFiles/cmTC_21ad6.dir/src.c.o: in function `main':
src.c:(.text+0x35): undefined reference to `pthread_create'
/usr/bin/ld: src.c:(.text+0x41): undefined reference to `pthread_detach'
/usr/bin/ld: src.c:(.text+0x4d): undefined reference to `pthread_cancel'
/usr/bin/ld: src.c:(.text+0x5f): undefined reference to `pthread_join'
clang: error: linker command failed with exit code 1 (use -v to see invocation)
gmake[1]: *** [CMakeFiles/cmTC_21ad6.dir/build.make:106: cmTC_21ad6] Error 1
gmake[1]: Leaving directory '/home/max/projects_code/LaTeX_linter/build/CMakeFiles/CMakeTmp'
gmake: *** [Makefile:140: cmTC_21ad6/fast] Error 2


Source file was:
#include <pthread.h>

void* test_func(void* data)
{
  return data;
}

int main(void)
{
  pthread_t thread;
  pthread_create(&thread, NULL, test_func, NULL);
  pthread_detach(thread);
  pthread_cancel(thread);
  pthread_join(thread, NULL);
  pthread_atfork(NULL, NULL, NULL);
  pthread_exit(NULL);

  return 0;
}

Determining if the function pthread_create exists in the pthreads failed with the following output:
Change Dir: /home/max/projects_code/LaTeX_linter/build/CMakeFiles/CMakeTmp

Run Build Command(s):/usr/bin/gmake cmTC_f153b/fast && /usr/bin/gmake  -f CMakeFiles/cmTC_f153b.dir/build.make CMakeFiles/cmTC_f153b.dir/build
gmake[1]: Entering directory '/home/max/projects_code/LaTeX_linter/build/CMakeFiles/CMakeTmp'
Building C object CMakeFiles/cmTC_f153b.dir/CheckFunctionExists.c.o
/usr/bin/clang-11   -DCHECK_FUNCTION_EXISTS=pthread_create -o CMakeFiles/cmTC_f153b.dir/CheckFunctionExists.c.o -c /usr/share/cmake-3.18/Modules/CheckFunctionExists.c
Linking C executable cmTC_f153b
/usr/bin/cmake -E cmake_link_script CMakeFiles/cmTC_f153b.dir/link.txt --verbose=1
/usr/bin/clang-11  -DCHECK_FUNCTION_EXISTS=pthread_create CMakeFiles/cmTC_f153b.dir/CheckFunctionExists.c.o -o cmTC_f153b  -lpthreads 
/usr/bin/ld: cannot find -lpthreads
clang: error: linker command failed with exit code 1 (use -v to see invocation)
gmake[1]: *** [CMakeFiles/cmTC_f153b.dir/build.make:106: cmTC_f153b] Error 1
gmake[1]: Leaving directory '/home/max/projects_code/LaTeX_linter/build/CMakeFiles/CMakeTmp'
gmake: *** [Makefile:140: cmTC_f153b/fast] Error 2



